<?xml version="1.0" encoding="UTF-8"?>
<testng-results skipped="0" failed="2" ignored="0" total="4" passed="2">
  <reporter-output>
  </reporter-output>
  <suite name="Default suite" duration-ms="25701" started-at="2019-04-06T12:34:42Z" finished-at="2019-04-06T12:35:08Z">
    <groups>
    </groups>
    <test name="Default test" duration-ms="25701" started-at="2019-04-06T12:34:42Z" finished-at="2019-04-06T12:35:08Z">
      <class name="extentreports.ExtentReportDemo">
        <test-method status="PASS" signature="openBrowser()[pri:0, instance:extentreports.ExtentReportDemo@39aeed2f]" name="openBrowser" is-config="true" duration-ms="7264" started-at="2019-04-06T12:34:42Z" finished-at="2019-04-06T12:34:49Z">
          <reporter-output>
          </reporter-output>
        </test-method> <!-- openBrowser -->
        <test-method status="PASS" signature="verifySignOnPage()[pri:1, instance:extentreports.ExtentReportDemo@39aeed2f]" name="verifySignOnPage" duration-ms="1237" started-at="2019-04-06T12:34:49Z" finished-at="2019-04-06T12:34:51Z">
          <reporter-output>
          </reporter-output>
        </test-method> <!-- verifySignOnPage -->
        <test-method status="PASS" signature="backToHomePage()[pri:0, instance:extentreports.ExtentReportDemo@39aeed2f]" name="backToHomePage" is-config="true" duration-ms="894" started-at="2019-04-06T12:34:51Z" finished-at="2019-04-06T12:34:52Z">
          <reporter-output>
          </reporter-output>
        </test-method> <!-- backToHomePage -->
        <test-method status="PASS" signature="verifyRegisterPage()[pri:2, instance:extentreports.ExtentReportDemo@39aeed2f]" name="verifyRegisterPage" duration-ms="3946" started-at="2019-04-06T12:34:52Z" finished-at="2019-04-06T12:34:56Z">
          <reporter-output>
          </reporter-output>
        </test-method> <!-- verifyRegisterPage -->
        <test-method status="PASS" signature="backToHomePage()[pri:0, instance:extentreports.ExtentReportDemo@39aeed2f]" name="backToHomePage" is-config="true" duration-ms="1265" started-at="2019-04-06T12:34:56Z" finished-at="2019-04-06T12:34:57Z">
          <reporter-output>
          </reporter-output>
        </test-method> <!-- backToHomePage -->
        <test-method status="FAIL" signature="verifySupportPage()[pri:3, instance:extentreports.ExtentReportDemo@39aeed2f]" name="verifySupportPage" duration-ms="4000" started-at="2019-04-06T12:34:57Z" finished-at="2019-04-06T12:35:01Z">
          <exception class="java.lang.AssertionError">
            <message>
              <![CDATA[expected [Support: Mercury Tours] but found [Under Construction: Mercury Tours]]]>
            </message>
            <full-stacktrace>
              <![CDATA[java.lang.AssertionError: expected [Support: Mercury Tours] but found [Under Construction: Mercury Tours]
at org.testng.Assert.fail(Assert.java:96)
at org.testng.Assert.failNotEquals(Assert.java:776)
at org.testng.Assert.assertEqualsImpl(Assert.java:137)
at org.testng.Assert.assertEquals(Assert.java:118)
at org.testng.Assert.assertEquals(Assert.java:453)
at org.testng.Assert.assertEquals(Assert.java:463)
at extentreports.ExtentReportDemo.verifySupportPage(ExtentReportDemo.java:111)
at sun.reflect.NativeMethodAccessorImpl.invoke0(Native Method)
at sun.reflect.NativeMethodAccessorImpl.invoke(Unknown Source)
at sun.reflect.DelegatingMethodAccessorImpl.invoke(Unknown Source)
at java.lang.reflect.Method.invoke(Unknown Source)
at org.testng.internal.MethodInvocationHelper.invokeMethod(MethodInvocationHelper.java:124)
at org.testng.internal.Invoker.invokeMethod(Invoker.java:580)
at org.testng.internal.Invoker.invokeTestMethod(Invoker.java:716)
at org.testng.internal.Invoker.invokeTestMethods(Invoker.java:988)
at org.testng.internal.TestMethodWorker.invokeTestMethods(TestMethodWorker.java:125)
at org.testng.internal.TestMethodWorker.run(TestMethodWorker.java:109)
at org.testng.TestRunner.privateRun(TestRunner.java:648)
at org.testng.TestRunner.run(TestRunner.java:505)
at org.testng.SuiteRunner.runTest(SuiteRunner.java:455)
at org.testng.SuiteRunner.runSequentially(SuiteRunner.java:450)
at org.testng.SuiteRunner.privateRun(SuiteRunner.java:415)
at org.testng.SuiteRunner.run(SuiteRunner.java:364)
at org.testng.SuiteRunnerWorker.runSuite(SuiteRunnerWorker.java:52)
at org.testng.SuiteRunnerWorker.run(SuiteRunnerWorker.java:84)
at org.testng.TestNG.runSuitesSequentially(TestNG.java:1208)
at org.testng.TestNG.runSuitesLocally(TestNG.java:1137)
at org.testng.TestNG.runSuites(TestNG.java:1049)
at org.testng.TestNG.run(TestNG.java:1017)
at org.testng.remote.AbstractRemoteTestNG.run(AbstractRemoteTestNG.java:114)
at org.testng.remote.RemoteTestNG.initAndRun(RemoteTestNG.java:251)
at org.testng.remote.RemoteTestNG.main(RemoteTestNG.java:77)
]]>
            </full-stacktrace>
          </exception> <!-- java.lang.AssertionError -->
          <reporter-output>
          </reporter-output>
        </test-method> <!-- verifySupportPage -->
        <test-method status="PASS" signature="backToHomePage()[pri:0, instance:extentreports.ExtentReportDemo@39aeed2f]" name="backToHomePage" is-config="true" duration-ms="1322" started-at="2019-04-06T12:35:01Z" finished-at="2019-04-06T12:35:02Z">
          <reporter-output>
          </reporter-output>
        </test-method> <!-- backToHomePage -->
        <test-method status="FAIL" signature="verifyContactPage()[pri:4, instance:extentreports.ExtentReportDemo@39aeed2f]" name="verifyContactPage" duration-ms="3848" started-at="2019-04-06T12:35:02Z" finished-at="2019-04-06T12:35:06Z">
          <exception class="java.lang.AssertionError">
            <message>
              <![CDATA[expected [Contact: Mercury Tours] but found [Under Construction: Mercury Tours]]]>
            </message>
            <full-stacktrace>
              <![CDATA[java.lang.AssertionError: expected [Contact: Mercury Tours] but found [Under Construction: Mercury Tours]
at org.testng.Assert.fail(Assert.java:96)
at org.testng.Assert.failNotEquals(Assert.java:776)
at org.testng.Assert.assertEqualsImpl(Assert.java:137)
at org.testng.Assert.assertEquals(Assert.java:118)
at org.testng.Assert.assertEquals(Assert.java:453)
at org.testng.Assert.assertEquals(Assert.java:463)
at extentreports.ExtentReportDemo.verifyContactPage(ExtentReportDemo.java:134)
at sun.reflect.NativeMethodAccessorImpl.invoke0(Native Method)
at sun.reflect.NativeMethodAccessorImpl.invoke(Unknown Source)
at sun.reflect.DelegatingMethodAccessorImpl.invoke(Unknown Source)
at java.lang.reflect.Method.invoke(Unknown Source)
at org.testng.internal.MethodInvocationHelper.invokeMethod(MethodInvocationHelper.java:124)
at org.testng.internal.Invoker.invokeMethod(Invoker.java:580)
at org.testng.internal.Invoker.invokeTestMethod(Invoker.java:716)
at org.testng.internal.Invoker.invokeTestMethods(Invoker.java:988)
at org.testng.internal.TestMethodWorker.invokeTestMethods(TestMethodWorker.java:125)
at org.testng.internal.TestMethodWorker.run(TestMethodWorker.java:109)
at org.testng.TestRunner.privateRun(TestRunner.java:648)
at org.testng.TestRunner.run(TestRunner.java:505)
at org.testng.SuiteRunner.runTest(SuiteRunner.java:455)
at org.testng.SuiteRunner.runSequentially(SuiteRunner.java:450)
at org.testng.SuiteRunner.privateRun(SuiteRunner.java:415)
at org.testng.SuiteRunner.run(SuiteRunner.java:364)
at org.testng.SuiteRunnerWorker.runSuite(SuiteRunnerWorker.java:52)
at org.testng.SuiteRunnerWorker.run(SuiteRunnerWorker.java:84)
at org.testng.TestNG.runSuitesSequentially(TestNG.java:1208)
at org.testng.TestNG.runSuitesLocally(TestNG.java:1137)
at org.testng.TestNG.runSuites(TestNG.java:1049)
at org.testng.TestNG.run(TestNG.java:1017)
at org.testng.remote.AbstractRemoteTestNG.run(AbstractRemoteTestNG.java:114)
at org.testng.remote.RemoteTestNG.initAndRun(RemoteTestNG.java:251)
at org.testng.remote.RemoteTestNG.main(RemoteTestNG.java:77)
]]>
            </full-stacktrace>
          </exception> <!-- java.lang.AssertionError -->
          <reporter-output>
          </reporter-output>
        </test-method> <!-- verifyContactPage -->
        <test-method status="PASS" signature="backToHomePage()[pri:0, instance:extentreports.ExtentReportDemo@39aeed2f]" name="backToHomePage" is-config="true" duration-ms="982" started-at="2019-04-06T12:35:06Z" finished-at="2019-04-06T12:35:07Z">
          <reporter-output>
          </reporter-output>
        </test-method> <!-- backToHomePage -->
        <test-method status="PASS" signature="closeBrowser()[pri:0, instance:extentreports.ExtentReportDemo@39aeed2f]" name="closeBrowser" is-config="true" duration-ms="872" started-at="2019-04-06T12:35:07Z" finished-at="2019-04-06T12:35:08Z">
          <reporter-output>
          </reporter-output>
        </test-method> <!-- closeBrowser -->
      </class> <!-- extentreports.ExtentReportDemo -->
    </test> <!-- Default test -->
  </suite> <!-- Default suite -->
</testng-results>
