<?xml version="1.0" encoding="UTF-8"?>
<!-- Generated by org.testng.reporters.JUnitXMLReporter -->
<testsuite hostname="DESKTOP-L0TDH83" ignored="0" name="Test" tests="5" failures="4" timestamp="01 Mar 2019 04:43:40 GMT" time="65.832" errors="0">
  <testcase name="@AfterMethod teardown" time="1.689" classname="qa.sampleproject.tests.YahooPageTest">
    <failure type="java.lang.NullPointerException">
      <![CDATA[java.lang.NullPointerException
at qa.sampleproject.utilities.util.takesScreenshotAtEndofTest(util.java:27)
at qa.sampleproject.utilities.WebEventLister.onException(WebEventLister.java:145)
at org.openqa.selenium.support.events.EventFiringWebDriver.lambda$new$0(EventFiringWebDriver.java:84)
at com.sun.proxy.$Proxy7.onException(Unknown Source)
at org.openqa.selenium.support.events.EventFiringWebDriver.lambda$new$1(EventFiringWebDriver.java:107)
at com.sun.proxy.$Proxy8.quit(Unknown Source)
at org.openqa.selenium.support.events.EventFiringWebDriver.quit(EventFiringWebDriver.java:211)
at qa.sampleproject.tests.YahooPageTest.teardown(YahooPageTest.java:23)
at java.util.concurrent.ThreadPoolExecutor.runWorker(Unknown Source)
at java.util.concurrent.ThreadPoolExecutor$Worker.run(Unknown Source)
at java.lang.Thread.run(Unknown Source)
... Removed 17 stack frames]]>
    </failure>
  </testcase> <!-- @AfterMethod teardown -->
  <testcase name="@AfterMethod teardown" time="6.877" classname="qa.sampleproject.tests.SampleTest">
    <failure type="java.lang.NullPointerException">
      <![CDATA[java.lang.NullPointerException
at qa.sampleproject.utilities.util.takesScreenshotAtEndofTest(util.java:27)
at qa.sampleproject.utilities.WebEventLister.onException(WebEventLister.java:145)
at org.openqa.selenium.support.events.EventFiringWebDriver.lambda$new$0(EventFiringWebDriver.java:84)
at com.sun.proxy.$Proxy7.onException(Unknown Source)
at org.openqa.selenium.support.events.EventFiringWebDriver.lambda$new$1(EventFiringWebDriver.java:107)
at com.sun.proxy.$Proxy8.quit(Unknown Source)
at org.openqa.selenium.support.events.EventFiringWebDriver.quit(EventFiringWebDriver.java:211)
at qa.sampleproject.tests.SampleTest.teardown(SampleTest.java:27)
at java.util.concurrent.ThreadPoolExecutor.runWorker(Unknown Source)
at java.util.concurrent.ThreadPoolExecutor$Worker.run(Unknown Source)
at java.lang.Thread.run(Unknown Source)
... Removed 17 stack frames]]>
    </failure>
  </testcase> <!-- @AfterMethod teardown -->
  <testcase name="yahooLogoTest" time="0.115" classname="qa.sampleproject.tests.YahooPageTest"/>
  <testcase name="yahooTitleTest" time="0.031" classname="qa.sampleproject.tests.YahooPageTest">
    <failure type="java.lang.AssertionError" message="expected [Yahoo - login] but found [Yahoo - login]">
      <![CDATA[java.lang.AssertionError: expected [Yahoo - login] but found [Yahoo - login]
at qa.sampleproject.tests.YahooPageTest.yahooTitleTest(YahooPageTest.java:33)
at java.util.concurrent.ThreadPoolExecutor.runWorker(Unknown Source)
at java.util.concurrent.ThreadPoolExecutor$Worker.run(Unknown Source)
at java.lang.Thread.run(Unknown Source)
... Removed 16 stack frames]]>
    </failure>
  </testcase> <!-- yahooTitleTest -->
  <testcase name="loginTest" time="0.0" classname="qa.sampleproject.tests.yahooMailDatadriven">
    <failure type="org.testng.TestNGException" message="
Method public void qa.sampleproject.tests.yahooMailDatadriven.loginTest(java.lang.String,java.lang.String) requires a @DataProvider named : getTestData1()">
      <![CDATA[org.testng.TestNGException: 
Method public void qa.sampleproject.tests.yahooMailDatadriven.loginTest(java.lang.String,java.lang.String) requires a @DataProvider named : getTestData1()
at java.util.concurrent.ThreadPoolExecutor.runWorker(Unknown Source)
at java.util.concurrent.ThreadPoolExecutor$Worker.run(Unknown Source)
at java.lang.Thread.run(Unknown Source)
... Removed 7 stack frames]]>
    </failure>
  </testcase> <!-- loginTest -->
  <testcase name="loginTest" time="21.584" classname="qa.sampleproject.tests.SampleTest">
    <failure type="java.lang.NullPointerException">
      <![CDATA[java.lang.NullPointerException
at qa.sampleproject.utilities.util.takesScreenshotAtEndofTest(util.java:27)
at qa.sampleproject.utilities.WebEventLister.onException(WebEventLister.java:145)
at org.openqa.selenium.support.events.EventFiringWebDriver.lambda$new$0(EventFiringWebDriver.java:84)
at com.sun.proxy.$Proxy7.onException(Unknown Source)
at org.openqa.selenium.support.events.EventFiringWebDriver.lambda$new$1(EventFiringWebDriver.java:107)
at com.sun.proxy.$Proxy8.findElement(Unknown Source)
at org.openqa.selenium.support.events.EventFiringWebDriver.findElement(EventFiringWebDriver.java:194)
at org.openqa.selenium.support.pagefactory.DefaultElementLocator.findElement(DefaultElementLocator.java:69)
at org.openqa.selenium.support.pagefactory.internal.LocatingElementHandler.invoke(LocatingElementHandler.java:38)
at com.sun.proxy.$Proxy12.sendKeys(Unknown Source)
at qa.sampleproject.pages.yahoologinpage.yahoologin(yahoologinpage.java:32)
at qa.sampleproject.tests.SampleTest.loginTest(SampleTest.java:32)
at java.util.concurrent.ThreadPoolExecutor.runWorker(Unknown Source)
at java.util.concurrent.ThreadPoolExecutor$Worker.run(Unknown Source)
at java.lang.Thread.run(Unknown Source)
... Removed 14 stack frames]]>
    </failure>
  </testcase> <!-- loginTest -->
  <testcase name="loginTest" time="25.928" classname="qa.sampleproject.tests.YahooPageTest">
    <failure type="java.lang.NullPointerException">
      <![CDATA[java.lang.NullPointerException
at qa.sampleproject.utilities.util.takesScreenshotAtEndofTest(util.java:27)
at qa.sampleproject.utilities.WebEventLister.onException(WebEventLister.java:145)
at org.openqa.selenium.support.events.EventFiringWebDriver.lambda$new$0(EventFiringWebDriver.java:84)
at com.sun.proxy.$Proxy7.onException(Unknown Source)
at org.openqa.selenium.support.events.EventFiringWebDriver.lambda$new$1(EventFiringWebDriver.java:107)
at com.sun.proxy.$Proxy8.findElement(Unknown Source)
at org.openqa.selenium.support.events.EventFiringWebDriver.findElement(EventFiringWebDriver.java:194)
at org.openqa.selenium.support.pagefactory.DefaultElementLocator.findElement(DefaultElementLocator.java:69)
at org.openqa.selenium.support.pagefactory.internal.LocatingElementHandler.invoke(LocatingElementHandler.java:38)
at com.sun.proxy.$Proxy12.sendKeys(Unknown Source)
at qa.sampleproject.pages.yahoologinpage.yahoologin(yahoologinpage.java:32)
at qa.sampleproject.tests.YahooPageTest.loginTest(YahooPageTest.java:37)
at java.util.concurrent.ThreadPoolExecutor.runWorker(Unknown Source)
at java.util.concurrent.ThreadPoolExecutor$Worker.run(Unknown Source)
at java.lang.Thread.run(Unknown Source)
... Removed 14 stack frames]]>
    </failure>
  </testcase> <!-- loginTest -->
</testsuite> <!-- Test -->
